/opt/conda/lib/python3.11/site-packages/torchvision/models/_utils.py:208: UserWarning: The parameter 'pretrained' is deprecated since 0.13 and may be removed in the future, please use 'weights' instead.
  warnings.warn(
/opt/conda/lib/python3.11/site-packages/torchvision/models/_utils.py:223: UserWarning: Arguments other than a weight enum or `None` for 'weights' are deprecated since 0.13 and may be removed in the future. The current behavior is equivalent to passing `weights=ResNeXt101_32X8D_Weights.IMAGENET1K_V1`. You can also use `weights=ResNeXt101_32X8D_Weights.DEFAULT` to get the most up-to-date weights.
  warnings.warn(msg)
Epoch 1/30, Loss: 0.1742
Epoch 2/30, Loss: 0.1472
Epoch 3/30, Loss: 0.1584
Epoch 4/30, Loss: 0.1434
Epoch 5/30, Loss: 0.1322
Epoch 6/30, Loss: 0.1316
Epoch 7/30, Loss: 0.1305
Epoch 8/30, Loss: 0.1341
Epoch 9/30, Loss: 0.1281
Epoch 10/30, Loss: 0.1332
Epoch 11/30, Loss: 0.1265
Epoch 12/30, Loss: 0.1252
Epoch 13/30, Loss: 0.1274
Epoch 14/30, Loss: 0.1259
Epoch 15/30, Loss: 0.1244
Epoch 16/30, Loss: 0.1254
Epoch 17/30, Loss: 0.1287
Epoch 18/30, Loss: 0.1244
Epoch 19/30, Loss: 0.1305
Epoch 20/30, Loss: 0.1306
Epoch 21/30, Loss: 0.1284
Epoch 22/30, Loss: 0.1248
Epoch 23/30, Loss: 0.1260
Epoch 24/30, Loss: 0.1243
Epoch 25/30, Loss: 0.1250
Epoch 26/30, Loss: 0.1237
Epoch 27/30, Loss: 0.1267
Epoch 28/30, Loss: 0.1212
Epoch 29/30, Loss: 0.1198
Epoch 30/30, Loss: 0.1252
Model saved to siamese_model.pth
